android/build/intermediates/manifest_merge_blame_file/release/manifest-merger-blame-release-report.txt
1<?xml version="1.0" encoding="utf-8"?>
2<manifest xmlns:android="http://schemas.android.com/apk/res/android"
3    package="com.tuanpm.RCTMqtt"
4    android:versionCode="1"
5    android:versionName="1.0" >
6
7    <uses-sdk
8        android:minSdkVersion="21"
8-->src/main/AndroidManifest.xml
9        android:targetSdkVersion="33" />
9-->src/main/AndroidManifest.xml
10
11    <uses-permission android:name="android.permission.WAKE_LOCK" />
11-->src/main/AndroidManifest.xml:2:4-67
11-->src/main/AndroidManifest.xml:2:21-64
12    <uses-permission android:name="android.permission.INTERNET" />
12-->src/main/AndroidManifest.xml:3:2-64
12-->src/main/AndroidManifest.xml:3:19-61
13    <uses-permission android:name="android.permission.ACCESS_NETWORK_STATE" />
13-->src/main/AndroidManifest.xml:4:2-76
13-->src/main/AndroidManifest.xml:4:19-73
14
15    <application>
15-->src/main/AndroidManifest.xml:5:2-8:16
16        <service android:name="org.eclipse.paho.android.service.MqttService" >
16-->src/main/AndroidManifest.xml:6:2-7:12
16-->src/main/AndroidManifest.xml:6:11-70
17        </service>
18    </application>
19
20</manifest>